<?xml version="1.0" encoding="utf-8"?>
<test-run id="2" testcasecount="14" result="Passed" total="14" passed="14" failed="0" inconclusive="0" skipped="0" asserts="0" engine-version="3.5.0.0" clr-version="4.0.30319.42000" start-time="2026-07-25 13:54:37Z" end-time="2026-07-25 13:54:59Z" duration="21.0729904">
  <test-suite type="TestSuite" id="1023" name="SentaurSurvivors" fullname="SentaurSurvivors" runstate="Runnable" testcasecount="14" result="Passed" start-time="2026-07-25 13:54:37Z" end-time="2026-07-25 13:54:59Z" duration="21.072990" total="14" passed="14" failed="0" inconclusive="0" skipped="0" asserts="0">
    <properties>
      <property name="platform" value="PlayMode" />
    </properties>
    <test-suite type="Assembly" id="1019" name="Tests.dll" fullname="D:/바탕화면/study/03.portfolio/04.unity-game/sentaur-survivors/Library/ScriptAssemblies/Tests.dll" runstate="Runnable" testcasecount="14" result="Passed" start-time="2026-07-25 13:54:37Z" end-time="2026-07-25 13:54:59Z" duration="21.061335" total="14" passed="14" failed="0" inconclusive="0" skipped="0" asserts="0">
      <properties>
        <property name="_PID" value="49736" />
        <property name="_APPDOMAIN" value="Unity Child Domain" />
        <property name="platform" value="PlayMode" />
        <property name="EditorOnly" value="False" />
      </properties>
      <test-suite type="TestFixture" id="1001" name="EnemyCombatTest" fullname="EnemyCombatTest" classname="EnemyCombatTest" runstate="Runnable" testcasecount="3" result="Passed" start-time="2026-07-25 13:54:37Z" end-time="2026-07-25 13:54:47Z" duration="9.172021" total="3" passed="3" failed="0" inconclusive="0" skipped="0" asserts="0">
        <properties />
        <test-case id="1002" name="UT003_적_피격시_체력_감소" fullname="EnemyCombatTest.UT003_적_피격시_체력_감소" methodname="UT003_적_피격시_체력_감소" classname="EnemyCombatTest" runstate="Runnable" seed="1915042867" result="Passed" start-time="2026-07-25 13:54:37Z" end-time="2026-07-25 13:54:41Z" duration="3.286814" asserts="0">
          <properties>
            <property name="_JOINTYPE" value="UnityCombinatorial" />
            <property name="retryIteration" value="0" />
            <property name="repeatIteration" value="0" />
          </properties>
          <output><![CDATA[
IgnoreFailingMessages:true
InvalidOperationException: Invalid user
UnityEngine.InputSystem.Users.InputUser.get_index () (at ./Library/PackageCache/com.unity.inputsystem@57d0e36f6123/InputSystem/Plugins/Users/InputUser.cs:89)
UnityEngine.InputSystem.Users.InputUser.get_pairedDevices () (at ./Library/PackageCache/com.unity.inputsystem@57d0e36f6123/InputSystem/Plugins/Users/InputUser.cs:138)
UnityEngine.InputSystem.PlayerInput.SwitchControlSchemeInternal (UnityEngine.InputSystem.InputControlScheme& controlScheme, UnityEngine.InputSystem.InputDevice[] devices) (at ./Library/PackageCache/com.unity.inputsystem@57d0e36f6123/InputSystem/Plugins/PlayerInput/PlayerInput.cs:2155)
UnityEngine.InputSystem.PlayerInput.SwitchCurrentControlScheme (UnityEngine.InputSystem.InputDevice[] devices) (at ./Library/PackageCache/com.unity.inputsystem@57d0e36f6123/InputSystem/Plugins/PlayerInput/PlayerInput.cs:1050)
UnityEngine.InputSystem.OnScreen.OnScreenControl.OnEnable () (at ./Library/PackageCache/com.unity.inputsystem@57d0e36f6123/InputSystem/Plugins/OnScreen/OnScreenControl.cs:250)

]]></output>
        </test-case>
        <test-case id="1003" name="UT004_적_체력_음수_방지" fullname="EnemyCombatTest.UT004_적_체력_음수_방지" methodname="UT004_적_체력_음수_방지" classname="EnemyCombatTest" runstate="Runnable" seed="1317629716" result="Passed" start-time="2026-07-25 13:54:41Z" end-time="2026-07-25 13:54:43Z" duration="2.536248" asserts="0">
          <properties>
            <property name="_JOINTYPE" value="UnityCombinatorial" />
            <property name="retryIteration" value="0" />
            <property name="repeatIteration" value="0" />
          </properties>
          <output><![CDATA[
IgnoreFailingMessages:true
InvalidOperationException: Invalid user
UnityEngine.InputSystem.Users.InputUser.get_index () (at ./Library/PackageCache/com.unity.inputsystem@57d0e36f6123/InputSystem/Plugins/Users/InputUser.cs:89)
UnityEngine.InputSystem.Users.InputUser.get_pairedDevices () (at ./Library/PackageCache/com.unity.inputsystem@57d0e36f6123/InputSystem/Plugins/Users/InputUser.cs:138)
UnityEngine.InputSystem.PlayerInput.SwitchControlSchemeInternal (UnityEngine.InputSystem.InputControlScheme& controlScheme, UnityEngine.InputSystem.InputDevice[] devices) (at ./Library/PackageCache/com.unity.inputsystem@57d0e36f6123/InputSystem/Plugins/PlayerInput/PlayerInput.cs:2155)
UnityEngine.InputSystem.PlayerInput.SwitchCurrentControlScheme (UnityEngine.InputSystem.InputDevice[] devices) (at ./Library/PackageCache/com.unity.inputsystem@57d0e36f6123/InputSystem/Plugins/PlayerInput/PlayerInput.cs:1050)
UnityEngine.InputSystem.OnScreen.OnScreenControl.OnEnable () (at ./Library/PackageCache/com.unity.inputsystem@57d0e36f6123/InputSystem/Plugins/OnScreen/OnScreenControl.cs:250)

]]></output>
        </test-case>
        <test-case id="1004" name="UT005_적_사망시_오브젝트_제거" fullname="EnemyCombatTest.UT005_적_사망시_오브젝트_제거" methodname="UT005_적_사망시_오브젝트_제거" classname="EnemyCombatTest" runstate="Runnable" seed="144530139" result="Passed" start-time="2026-07-25 13:54:43Z" end-time="2026-07-25 13:54:47Z" duration="3.331599" asserts="0">
          <properties>
            <property name="_JOINTYPE" value="UnityCombinatorial" />
            <property name="retryIteration" value="0" />
            <property name="repeatIteration" value="0" />
          </properties>
          <output><![CDATA[
IgnoreFailingMessages:true
InvalidOperationException: Invalid user
UnityEngine.InputSystem.Users.InputUser.get_index () (at ./Library/PackageCache/com.unity.inputsystem@57d0e36f6123/InputSystem/Plugins/Users/InputUser.cs:89)
UnityEngine.InputSystem.Users.InputUser.get_pairedDevices () (at ./Library/PackageCache/com.unity.inputsystem@57d0e36f6123/InputSystem/Plugins/Users/InputUser.cs:138)
UnityEngine.InputSystem.PlayerInput.SwitchControlSchemeInternal (UnityEngine.InputSystem.InputControlScheme& controlScheme, UnityEngine.InputSystem.InputDevice[] devices) (at ./Library/PackageCache/com.unity.inputsystem@57d0e36f6123/InputSystem/Plugins/PlayerInput/PlayerInput.cs:2155)
UnityEngine.InputSystem.PlayerInput.SwitchCurrentControlScheme (UnityEngine.InputSystem.InputDevice[] devices) (at ./Library/PackageCache/com.unity.inputsystem@57d0e36f6123/InputSystem/Plugins/PlayerInput/PlayerInput.cs:1050)
UnityEngine.InputSystem.OnScreen.OnScreenControl.OnEnable () (at ./Library/PackageCache/com.unity.inputsystem@57d0e36f6123/InputSystem/Plugins/OnScreen/OnScreenControl.cs:250)

]]></output>
        </test-case>
      </test-suite>
      <test-suite type="TestFixture" id="1005" name="PlayerStatusTest" fullname="PlayerStatusTest" classname="PlayerStatusTest" runstate="Runnable" testcasecount="3" result="Passed" start-time="2026-07-25 13:54:47Z" end-time="2026-07-25 13:54:51Z" duration="4.106524" total="3" passed="3" failed="0" inconclusive="0" skipped="0" asserts="0">
        <properties />
        <test-case id="1006" name="UT009_피격시_체력바_감소" fullname="PlayerStatusTest.UT009_피격시_체력바_감소" methodname="UT009_피격시_체력바_감소" classname="PlayerStatusTest" runstate="Runnable" seed="50068850" result="Passed" start-time="2026-07-25 13:54:47Z" end-time="2026-07-25 13:54:48Z" duration="1.337509" asserts="0">
          <properties>
            <property name="_JOINTYPE" value="UnityCombinatorial" />
            <property name="retryIteration" value="0" />
            <property name="repeatIteration" value="0" />
          </properties>
          <output><![CDATA[
IgnoreFailingMessages:true
InvalidOperationException: Invalid user
UnityEngine.InputSystem.Users.InputUser.get_index () (at ./Library/PackageCache/com.unity.inputsystem@57d0e36f6123/InputSystem/Plugins/Users/InputUser.cs:89)
UnityEngine.InputSystem.Users.InputUser.get_pairedDevices () (at ./Library/PackageCache/com.unity.inputsystem@57d0e36f6123/InputSystem/Plugins/Users/InputUser.cs:138)
UnityEngine.InputSystem.PlayerInput.SwitchControlSchemeInternal (UnityEngine.InputSystem.InputControlScheme& controlScheme, UnityEngine.InputSystem.InputDevice[] devices) (at ./Library/PackageCache/com.unity.inputsystem@57d0e36f6123/InputSystem/Plugins/PlayerInput/PlayerInput.cs:2155)
UnityEngine.InputSystem.PlayerInput.SwitchCurrentControlScheme (UnityEngine.InputSystem.InputDevice[] devices) (at ./Library/PackageCache/com.unity.inputsystem@57d0e36f6123/InputSystem/Plugins/PlayerInput/PlayerInput.cs:1050)
UnityEngine.InputSystem.OnScreen.OnScreenControl.OnEnable () (at ./Library/PackageCache/com.unity.inputsystem@57d0e36f6123/InputSystem/Plugins/OnScreen/OnScreenControl.cs:250)

HealthBar.SetHealth: Setting health to 0.7
]]></output>
        </test-case>
        <test-case id="1007" name="UT010_회복시_최대체력_초과_방지" fullname="PlayerStatusTest.UT010_회복시_최대체력_초과_방지" methodname="UT010_회복시_최대체력_초과_방지" classname="PlayerStatusTest" runstate="Runnable" seed="18415810" result="Passed" start-time="2026-07-25 13:54:48Z" end-time="2026-07-25 13:54:49Z" duration="1.383111" asserts="0">
          <properties>
            <property name="_JOINTYPE" value="UnityCombinatorial" />
            <property name="retryIteration" value="0" />
            <property name="repeatIteration" value="0" />
          </properties>
          <output><![CDATA[
IgnoreFailingMessages:true
InvalidOperationException: Invalid user
UnityEngine.InputSystem.Users.InputUser.get_index () (at ./Library/PackageCache/com.unity.inputsystem@57d0e36f6123/InputSystem/Plugins/Users/InputUser.cs:89)
UnityEngine.InputSystem.Users.InputUser.get_pairedDevices () (at ./Library/PackageCache/com.unity.inputsystem@57d0e36f6123/InputSystem/Plugins/Users/InputUser.cs:138)
UnityEngine.InputSystem.PlayerInput.SwitchControlSchemeInternal (UnityEngine.InputSystem.InputControlScheme& controlScheme, UnityEngine.InputSystem.InputDevice[] devices) (at ./Library/PackageCache/com.unity.inputsystem@57d0e36f6123/InputSystem/Plugins/PlayerInput/PlayerInput.cs:2155)
UnityEngine.InputSystem.PlayerInput.SwitchCurrentControlScheme (UnityEngine.InputSystem.InputDevice[] devices) (at ./Library/PackageCache/com.unity.inputsystem@57d0e36f6123/InputSystem/Plugins/PlayerInput/PlayerInput.cs:1050)
UnityEngine.InputSystem.OnScreen.OnScreenControl.OnEnable () (at ./Library/PackageCache/com.unity.inputsystem@57d0e36f6123/InputSystem/Plugins/OnScreen/OnScreenControl.cs:250)

HealthBar.SetHealth: Setting health to 0.5
HealthBar.SetHealth: Setting health to 1
]]></output>
        </test-case>
        <test-case id="1008" name="UT011_데미지_저항_적용" fullname="PlayerStatusTest.UT011_데미지_저항_적용" methodname="UT011_데미지_저항_적용" classname="PlayerStatusTest" runstate="Runnable" seed="4194124" result="Passed" start-time="2026-07-25 13:54:49Z" end-time="2026-07-25 13:54:51Z" duration="1.384092" asserts="0">
          <properties>
            <property name="_JOINTYPE" value="UnityCombinatorial" />
            <property name="retryIteration" value="0" />
            <property name="repeatIteration" value="0" />
          </properties>
          <output><![CDATA[
IgnoreFailingMessages:true
InvalidOperationException: Invalid user
UnityEngine.InputSystem.Users.InputUser.get_index () (at ./Library/PackageCache/com.unity.inputsystem@57d0e36f6123/InputSystem/Plugins/Users/InputUser.cs:89)
UnityEngine.InputSystem.Users.InputUser.get_pairedDevices () (at ./Library/PackageCache/com.unity.inputsystem@57d0e36f6123/InputSystem/Plugins/Users/InputUser.cs:138)
UnityEngine.InputSystem.PlayerInput.SwitchControlSchemeInternal (UnityEngine.InputSystem.InputControlScheme& controlScheme, UnityEngine.InputSystem.InputDevice[] devices) (at ./Library/PackageCache/com.unity.inputsystem@57d0e36f6123/InputSystem/Plugins/PlayerInput/PlayerInput.cs:2155)
UnityEngine.InputSystem.PlayerInput.SwitchCurrentControlScheme (UnityEngine.InputSystem.InputDevice[] devices) (at ./Library/PackageCache/com.unity.inputsystem@57d0e36f6123/InputSystem/Plugins/PlayerInput/PlayerInput.cs:1050)
UnityEngine.InputSystem.OnScreen.OnScreenControl.OnEnable () (at ./Library/PackageCache/com.unity.inputsystem@57d0e36f6123/InputSystem/Plugins/OnScreen/OnScreenControl.cs:250)

HealthBar.SetHealth: Setting health to 0.85
]]></output>
        </test-case>
      </test-suite>
      <test-suite type="TestFixture" id="1009" name="SceneLoadTest" fullname="SceneLoadTest" classname="SceneLoadTest" runstate="Runnable" testcasecount="2" result="Passed" start-time="2026-07-25 13:54:51Z" end-time="2026-07-25 13:54:53Z" duration="2.305335" total="2" passed="2" failed="0" inconclusive="0" skipped="0" asserts="0">
        <properties />
        <test-case id="1010" name="UT001_타이틀씬_로드" fullname="SceneLoadTest.UT001_타이틀씬_로드" methodname="UT001_타이틀씬_로드" classname="SceneLoadTest" runstate="Runnable" seed="853090060" result="Passed" start-time="2026-07-25 13:54:51Z" end-time="2026-07-25 13:54:52Z" duration="0.837767" asserts="0">
          <properties>
            <property name="_JOINTYPE" value="UnityCombinatorial" />
            <property name="retryIteration" value="0" />
            <property name="repeatIteration" value="0" />
          </properties>
          <output><![CDATA[
IgnoreFailingMessages:true
]]></output>
        </test-case>
        <test-case id="1011" name="UT002_배틀씬_플레이어_존재" fullname="SceneLoadTest.UT002_배틀씬_플레이어_존재" methodname="UT002_배틀씬_플레이어_존재" classname="SceneLoadTest" runstate="Runnable" seed="1561803089" result="Passed" start-time="2026-07-25 13:54:52Z" end-time="2026-07-25 13:54:53Z" duration="1.466104" asserts="0">
          <properties>
            <property name="_JOINTYPE" value="UnityCombinatorial" />
            <property name="retryIteration" value="0" />
            <property name="repeatIteration" value="0" />
          </properties>
          <output><![CDATA[
IgnoreFailingMessages:true
InvalidOperationException: Invalid user
UnityEngine.InputSystem.Users.InputUser.get_index () (at ./Library/PackageCache/com.unity.inputsystem@57d0e36f6123/InputSystem/Plugins/Users/InputUser.cs:89)
UnityEngine.InputSystem.Users.InputUser.get_pairedDevices () (at ./Library/PackageCache/com.unity.inputsystem@57d0e36f6123/InputSystem/Plugins/Users/InputUser.cs:138)
UnityEngine.InputSystem.PlayerInput.SwitchControlSchemeInternal (UnityEngine.InputSystem.InputControlScheme& controlScheme, UnityEngine.InputSystem.InputDevice[] devices) (at ./Library/PackageCache/com.unity.inputsystem@57d0e36f6123/InputSystem/Plugins/PlayerInput/PlayerInput.cs:2155)
UnityEngine.InputSystem.PlayerInput.SwitchCurrentControlScheme (UnityEngine.InputSystem.InputDevice[] devices) (at ./Library/PackageCache/com.unity.inputsystem@57d0e36f6123/InputSystem/Plugins/PlayerInput/PlayerInput.cs:1050)
UnityEngine.InputSystem.OnScreen.OnScreenControl.OnEnable () (at ./Library/PackageCache/com.unity.inputsystem@57d0e36f6123/InputSystem/Plugins/OnScreen/OnScreenControl.cs:250)

]]></output>
        </test-case>
      </test-suite>
      <test-suite type="TestFixture" id="1012" name="WeaponUpgradeTest" fullname="WeaponUpgradeTest" classname="WeaponUpgradeTest" runstate="Runnable" testcasecount="6" result="Passed" start-time="2026-07-25 13:54:53Z" end-time="2026-07-25 13:54:59Z" duration="5.475126" total="6" passed="6" failed="0" inconclusive="0" skipped="0" asserts="0">
        <properties />
        <test-case id="1013" name="UT006_데미지_업그레이드_레벨1" fullname="WeaponUpgradeTest.UT006_데미지_업그레이드_레벨1" methodname="UT006_데미지_업그레이드_레벨1" classname="WeaponUpgradeTest" runstate="Runnable" seed="1679787227" result="Passed" start-time="2026-07-25 13:54:53Z" end-time="2026-07-25 13:54:54Z" duration="1.064651" asserts="0">
          <properties>
            <property name="_JOINTYPE" value="UnityCombinatorial" />
            <property name="retryIteration" value="0" />
            <property name="repeatIteration" value="0" />
          </properties>
          <output><![CDATA[
IgnoreFailingMessages:true
InvalidOperationException: Invalid user
UnityEngine.InputSystem.Users.InputUser.get_index () (at ./Library/PackageCache/com.unity.inputsystem@57d0e36f6123/InputSystem/Plugins/Users/InputUser.cs:89)
UnityEngine.InputSystem.Users.InputUser.get_pairedDevices () (at ./Library/PackageCache/com.unity.inputsystem@57d0e36f6123/InputSystem/Plugins/Users/InputUser.cs:138)
UnityEngine.InputSystem.PlayerInput.SwitchControlSchemeInternal (UnityEngine.InputSystem.InputControlScheme& controlScheme, UnityEngine.InputSystem.InputDevice[] devices) (at ./Library/PackageCache/com.unity.inputsystem@57d0e36f6123/InputSystem/Plugins/PlayerInput/PlayerInput.cs:2155)
UnityEngine.InputSystem.PlayerInput.SwitchCurrentControlScheme (UnityEngine.InputSystem.InputDevice[] devices) (at ./Library/PackageCache/com.unity.inputsystem@57d0e36f6123/InputSystem/Plugins/PlayerInput/PlayerInput.cs:1050)
UnityEngine.InputSystem.OnScreen.OnScreenControl.OnEnable () (at ./Library/PackageCache/com.unity.inputsystem@57d0e36f6123/InputSystem/Plugins/OnScreen/OnScreenControl.cs:250)

]]></output>
        </test-case>
        <test-case id="1014" name="UT006_데미지_업그레이드_레벨2" fullname="WeaponUpgradeTest.UT006_데미지_업그레이드_레벨2" methodname="UT006_데미지_업그레이드_레벨2" classname="WeaponUpgradeTest" runstate="Runnable" seed="1399644901" result="Passed" start-time="2026-07-25 13:54:54Z" end-time="2026-07-25 13:54:55Z" duration="0.877755" asserts="0">
          <properties>
            <property name="_JOINTYPE" value="UnityCombinatorial" />
            <property name="retryIteration" value="0" />
            <property name="repeatIteration" value="0" />
          </properties>
          <output><![CDATA[
IgnoreFailingMessages:true
InvalidOperationException: Invalid user
UnityEngine.InputSystem.Users.InputUser.get_index () (at ./Library/PackageCache/com.unity.inputsystem@57d0e36f6123/InputSystem/Plugins/Users/InputUser.cs:89)
UnityEngine.InputSystem.Users.InputUser.get_pairedDevices () (at ./Library/PackageCache/com.unity.inputsystem@57d0e36f6123/InputSystem/Plugins/Users/InputUser.cs:138)
UnityEngine.InputSystem.PlayerInput.SwitchControlSchemeInternal (UnityEngine.InputSystem.InputControlScheme& controlScheme, UnityEngine.InputSystem.InputDevice[] devices) (at ./Library/PackageCache/com.unity.inputsystem@57d0e36f6123/InputSystem/Plugins/PlayerInput/PlayerInput.cs:2155)
UnityEngine.InputSystem.PlayerInput.SwitchCurrentControlScheme (UnityEngine.InputSystem.InputDevice[] devices) (at ./Library/PackageCache/com.unity.inputsystem@57d0e36f6123/InputSystem/Plugins/PlayerInput/PlayerInput.cs:1050)
UnityEngine.InputSystem.OnScreen.OnScreenControl.OnEnable () (at ./Library/PackageCache/com.unity.inputsystem@57d0e36f6123/InputSystem/Plugins/OnScreen/OnScreenControl.cs:250)

]]></output>
        </test-case>
        <test-case id="1015" name="UT006_데미지_업그레이드_레벨3" fullname="WeaponUpgradeTest.UT006_데미지_업그레이드_레벨3" methodname="UT006_데미지_업그레이드_레벨3" classname="WeaponUpgradeTest" runstate="Runnable" seed="1529791990" result="Passed" start-time="2026-07-25 13:54:55Z" end-time="2026-07-25 13:54:56Z" duration="0.852777" asserts="0">
          <properties>
            <property name="_JOINTYPE" value="UnityCombinatorial" />
            <property name="retryIteration" value="0" />
            <property name="repeatIteration" value="0" />
          </properties>
          <output><![CDATA[
IgnoreFailingMessages:true
InvalidOperationException: Invalid user
UnityEngine.InputSystem.Users.InputUser.get_index () (at ./Library/PackageCache/com.unity.inputsystem@57d0e36f6123/InputSystem/Plugins/Users/InputUser.cs:89)
UnityEngine.InputSystem.Users.InputUser.get_pairedDevices () (at ./Library/PackageCache/com.unity.inputsystem@57d0e36f6123/InputSystem/Plugins/Users/InputUser.cs:138)
UnityEngine.InputSystem.PlayerInput.SwitchControlSchemeInternal (UnityEngine.InputSystem.InputControlScheme& controlScheme, UnityEngine.InputSystem.InputDevice[] devices) (at ./Library/PackageCache/com.unity.inputsystem@57d0e36f6123/InputSystem/Plugins/PlayerInput/PlayerInput.cs:2155)
UnityEngine.InputSystem.PlayerInput.SwitchCurrentControlScheme (UnityEngine.InputSystem.InputDevice[] devices) (at ./Library/PackageCache/com.unity.inputsystem@57d0e36f6123/InputSystem/Plugins/PlayerInput/PlayerInput.cs:1050)
UnityEngine.InputSystem.OnScreen.OnScreenControl.OnEnable () (at ./Library/PackageCache/com.unity.inputsystem@57d0e36f6123/InputSystem/Plugins/OnScreen/OnScreenControl.cs:250)

]]></output>
        </test-case>
        <test-case id="1016" name="UT007_쿨다운_업그레이드_레벨1" fullname="WeaponUpgradeTest.UT007_쿨다운_업그레이드_레벨1" methodname="UT007_쿨다운_업그레이드_레벨1" classname="WeaponUpgradeTest" runstate="Runnable" seed="1799618260" result="Passed" start-time="2026-07-25 13:54:56Z" end-time="2026-07-25 13:54:57Z" duration="0.891929" asserts="0">
          <properties>
            <property name="_JOINTYPE" value="UnityCombinatorial" />
            <property name="retryIteration" value="0" />
            <property name="repeatIteration" value="0" />
          </properties>
          <output><![CDATA[
IgnoreFailingMessages:true
InvalidOperationException: Invalid user
UnityEngine.InputSystem.Users.InputUser.get_index () (at ./Library/PackageCache/com.unity.inputsystem@57d0e36f6123/InputSystem/Plugins/Users/InputUser.cs:89)
UnityEngine.InputSystem.Users.InputUser.get_pairedDevices () (at ./Library/PackageCache/com.unity.inputsystem@57d0e36f6123/InputSystem/Plugins/Users/InputUser.cs:138)
UnityEngine.InputSystem.PlayerInput.SwitchControlSchemeInternal (UnityEngine.InputSystem.InputControlScheme& controlScheme, UnityEngine.InputSystem.InputDevice[] devices) (at ./Library/PackageCache/com.unity.inputsystem@57d0e36f6123/InputSystem/Plugins/PlayerInput/PlayerInput.cs:2155)
UnityEngine.InputSystem.PlayerInput.SwitchCurrentControlScheme (UnityEngine.InputSystem.InputDevice[] devices) (at ./Library/PackageCache/com.unity.inputsystem@57d0e36f6123/InputSystem/Plugins/PlayerInput/PlayerInput.cs:1050)
UnityEngine.InputSystem.OnScreen.OnScreenControl.OnEnable () (at ./Library/PackageCache/com.unity.inputsystem@57d0e36f6123/InputSystem/Plugins/OnScreen/OnScreenControl.cs:250)

]]></output>
        </test-case>
        <test-case id="1017" name="UT007_쿨다운_업그레이드_레벨3" fullname="WeaponUpgradeTest.UT007_쿨다운_업그레이드_레벨3" methodname="UT007_쿨다운_업그레이드_레벨3" classname="WeaponUpgradeTest" runstate="Runnable" seed="1259624340" result="Passed" start-time="2026-07-25 13:54:57Z" end-time="2026-07-25 13:54:58Z" duration="0.908490" asserts="0">
          <properties>
            <property name="_JOINTYPE" value="UnityCombinatorial" />
            <property name="retryIteration" value="0" />
            <property name="repeatIteration" value="0" />
          </properties>
          <output><![CDATA[
IgnoreFailingMessages:true
InvalidOperationException: Invalid user
UnityEngine.InputSystem.Users.InputUser.get_index () (at ./Library/PackageCache/com.unity.inputsystem@57d0e36f6123/InputSystem/Plugins/Users/InputUser.cs:89)
UnityEngine.InputSystem.Users.InputUser.get_pairedDevices () (at ./Library/PackageCache/com.unity.inputsystem@57d0e36f6123/InputSystem/Plugins/Users/InputUser.cs:138)
UnityEngine.InputSystem.PlayerInput.SwitchControlSchemeInternal (UnityEngine.InputSystem.InputControlScheme& controlScheme, UnityEngine.InputSystem.InputDevice[] devices) (at ./Library/PackageCache/com.unity.inputsystem@57d0e36f6123/InputSystem/Plugins/PlayerInput/PlayerInput.cs:2155)
UnityEngine.InputSystem.PlayerInput.SwitchCurrentControlScheme (UnityEngine.InputSystem.InputDevice[] devices) (at ./Library/PackageCache/com.unity.inputsystem@57d0e36f6123/InputSystem/Plugins/PlayerInput/PlayerInput.cs:1050)
UnityEngine.InputSystem.OnScreen.OnScreenControl.OnEnable () (at ./Library/PackageCache/com.unity.inputsystem@57d0e36f6123/InputSystem/Plugins/OnScreen/OnScreenControl.cs:250)

]]></output>
        </test-case>
        <test-case id="1018" name="UT008_정의되지_않은_레벨_입력" fullname="WeaponUpgradeTest.UT008_정의되지_않은_레벨_입력" methodname="UT008_정의되지_않은_레벨_입력" classname="WeaponUpgradeTest" runstate="Runnable" seed="1082889944" result="Passed" start-time="2026-07-25 13:54:58Z" end-time="2026-07-25 13:54:59Z" duration="0.875580" asserts="0">
          <properties>
            <property name="_JOINTYPE" value="UnityCombinatorial" />
            <property name="retryIteration" value="0" />
            <property name="repeatIteration" value="0" />
          </properties>
          <output><![CDATA[
IgnoreFailingMessages:true
InvalidOperationException: Invalid user
UnityEngine.InputSystem.Users.InputUser.get_index () (at ./Library/PackageCache/com.unity.inputsystem@57d0e36f6123/InputSystem/Plugins/Users/InputUser.cs:89)
UnityEngine.InputSystem.Users.InputUser.get_pairedDevices () (at ./Library/PackageCache/com.unity.inputsystem@57d0e36f6123/InputSystem/Plugins/Users/InputUser.cs:138)
UnityEngine.InputSystem.PlayerInput.SwitchControlSchemeInternal (UnityEngine.InputSystem.InputControlScheme& controlScheme, UnityEngine.InputSystem.InputDevice[] devices) (at ./Library/PackageCache/com.unity.inputsystem@57d0e36f6123/InputSystem/Plugins/PlayerInput/PlayerInput.cs:2155)
UnityEngine.InputSystem.PlayerInput.SwitchCurrentControlScheme (UnityEngine.InputSystem.InputDevice[] devices) (at ./Library/PackageCache/com.unity.inputsystem@57d0e36f6123/InputSystem/Plugins/PlayerInput/PlayerInput.cs:1050)
UnityEngine.InputSystem.OnScreen.OnScreenControl.OnEnable () (at ./Library/PackageCache/com.unity.inputsystem@57d0e36f6123/InputSystem/Plugins/OnScreen/OnScreenControl.cs:250)

Saving results to: C:/Users/ksj42/AppData/LocalLow/Sentry/SentaurSurvivors\TestResults.xml
]]></output>
        </test-case>
      </test-suite>
    </test-suite>
  </test-suite>
</test-run>